# JRE version: OpenJDK Runtime Environment (8.0_152-b06) (build 1.8.0_152-release-1136-b06)
# Java VM: OpenJDK 64-Bit Server VM (25.152-b06 mixed mode windows-amd64 compressed oops)
Heap:
 PSYoungGen      total 88064K, used 1588K [0x00000000e0000000, 0x00000000e7f00000, 0x0000000100000000)
  eden space 77824K, 2% used [0x00000000e0000000,0x00000000e018d080,0x00000000e4c00000)
  from space 10240K, 0% used [0x00000000e4c00000,0x00000000e4c00000,0x00000000e5600000)
  to   space 10240K, 0% used [0x00000000e7500000,0x00000000e7500000,0x00000000e7f00000)
 ParOldGen       total 83456K, used 16020K [0x00000000a0000000, 0x00000000a5180000, 0x00000000e0000000)
  object space 83456K, 19% used [0x00000000a0000000,0x00000000a0fa5288,0x00000000a5180000)
 Metaspace       used 34678K, capacity 35482K, committed 35672K, reserved 1079296K
  class space    used 4716K, capacity 4907K, committed 4992K, reserved 1048576K
GC Heap History (10 events):
Event: 9.403 GC heap before
{Heap before GC invocations=9 (full 1):
 PSYoungGen      total 43008K, used 36417K [0x00000000e0000000, 0x00000000e4a80000, 0x0000000100000000)
  eden space 31744K, 99% used [0x00000000e0000000,0x00000000e1ef68f8,0x00000000e1f00000)
  from space 11264K, 41% used [0x00000000e1f00000,0x00000000e2399e80,0x00000000e2a00000)
  to   space 10752K, 0% used [0x00000000e4000000,0x00000000e4000000,0x00000000e4a80000)
 ParOldGen       total 56832K, used 8938K [0x00000000a0000000, 0x00000000a3780000, 0x00000000e0000000)
  object space 56832K, 15% used [0x00000000a0000000,0x00000000a08ba9f8,0x00000000a3780000)
 Metaspace       used 28358K, capacity 28754K, committed 29056K, reserved 1075200K
  class space    used 3801K, capacity 3961K, committed 3968K, reserved 1048576K
Event: 9.413 GC heap after
Heap after GC invocations=9 (full 1):
 PSYoungGen      total 64512K, used 6199K [0x00000000e0000000, 0x00000000e4980000, 0x0000000100000000)
  eden space 54784K, 0% used [0x00000000e0000000,0x00000000e0000000,0x00000000e3580000)
  from space 9728K, 63% used [0x00000000e4000000,0x00000000e460dc78,0x00000000e4980000)
  to   space 10240K, 0% used [0x00000000e3580000,0x00000000e3580000,0x00000000e3f80000)
 ParOldGen       total 56832K, used 8946K [0x00000000a0000000, 0x00000000a3780000, 0x00000000e0000000)
  object space 56832K, 15% used [0x00000000a0000000,0x00000000a08bc9f8,0x00000000a3780000)
 Metaspace       used 28358K, capacity 28754K, committed 29056K, reserved 1075200K
  class space    used 3801K, capacity 3961K, committed 3968K, reserved 1048576K
}
Event: 10.387 GC heap before
{Heap before GC invocations=10 (full 1):
 PSYoungGen      total 64512K, used 60983K [0x00000000e0000000, 0x00000000e4980000, 0x0000000100000000)
  eden space 54784K, 100% used [0x00000000e0000000,0x00000000e3580000,0x00000000e3580000)
  from space 9728K, 63% used [0x00000000e4000000,0x00000000e460dc78,0x00000000e4980000)
  to   space 10240K, 0% used [0x00000000e3580000,0x00000000e3580000,0x00000000e3f80000)
 ParOldGen       total 56832K, used 8946K [0x00000000a0000000, 0x00000000a3780000, 0x00000000e0000000)
  object space 56832K, 15% used [0x00000000a0000000,0x00000000a08bc9f8,0x00000000a3780000)
 Metaspace       used 30774K, capacity 31214K, committed 31616K, reserved 1077248K
  class space    used 4198K, capacity 4353K, committed 4480K, reserved 1048576K
Event: 10.401 GC heap after
Heap after GC invocations=10 (full 1):
 PSYoungGen      total 65024K, used 7754K [0x00000000e0000000, 0x00000000e6180000, 0x0000000100000000)
  eden space 54784K, 0% used [0x00000000e0000000,0x00000000e0000000,0x00000000e3580000)
  from space 10240K, 75% used [0x00000000e3580000,0x00000000e3d12920,0x00000000e3f80000)
  to   space 10752K, 0% used [0x00000000e5700000,0x00000000e5700000,0x00000000e6180000)
 ParOldGen       total 56832K, used 8954K [0x00000000a0000000, 0x00000000a3780000, 0x00000000e0000000)
  object space 56832K, 15% used [0x00000000a0000000,0x00000000a08be9f8,0x00000000a3780000)
 Metaspace       used 30774K, capacity 31214K, committed 31616K, reserved 1077248K
  class space    used 4198K, capacity 4353K, committed 4480K, reserved 1048576K
}
Event: 11.496 GC heap before
{Heap before GC invocations=11 (full 1):
 PSYoungGen      total 65024K, used 62538K [0x00000000e0000000, 0x00000000e6180000, 0x0000000100000000)
  eden space 54784K, 100% used [0x00000000e0000000,0x00000000e3580000,0x00000000e3580000)
  from space 10240K, 75% used [0x00000000e3580000,0x00000000e3d12920,0x00000000e3f80000)
  to   space 10752K, 0% used [0x00000000e5700000,0x00000000e5700000,0x00000000e6180000)
 ParOldGen       total 56832K, used 8954K [0x00000000a0000000, 0x00000000a3780000, 0x00000000e0000000)
  object space 56832K, 15% used [0x00000000a0000000,0x00000000a08be9f8,0x00000000a3780000)
 Metaspace       used 33685K, capacity 34330K, committed 34560K, reserved 1079296K
  class space    used 4608K, capacity 4807K, committed 4864K, reserved 1048576K
Event: 11.510 GC heap after
Heap after GC invocations=11 (full 1):
 PSYoungGen      total 87040K, used 6049K [0x00000000e0000000, 0x00000000e6000000, 0x0000000100000000)
  eden space 77824K, 0% used [0x00000000e0000000,0x00000000e0000000,0x00000000e4c00000)
  from space 9216K, 65% used [0x00000000e5700000,0x00000000e5ce8500,0x00000000e6000000)
  to   space 10240K, 0% used [0x00000000e4c00000,0x00000000e4c00000,0x00000000e5600000)
 ParOldGen       total 56832K, used 12370K [0x00000000a0000000, 0x00000000a3780000, 0x00000000e0000000)
  object space 56832K, 21% used [0x00000000a0000000,0x00000000a0c14a08,0x00000000a3780000)
 Metaspace       used 33685K, capacity 34330K, committed 34560K, reserved 1079296K
  class space    used 4608K, capacity 4807K, committed 4864K, reserved 1048576K
}
Event: 12.248 GC heap before
{Heap before GC invocations=12 (full 1):
 PSYoungGen      total 87040K, used 26344K [0x00000000e0000000, 0x00000000e6000000, 0x0000000100000000)
  eden space 77824K, 26% used [0x00000000e0000000,0x00000000e13d1c40,0x00000000e4c00000)
  from space 9216K, 65% used [0x00000000e5700000,0x00000000e5ce8500,0x00000000e6000000)
  to   space 10240K, 0% used [0x00000000e4c00000,0x00000000e4c00000,0x00000000e5600000)
 ParOldGen       total 56832K, used 12370K [0x00000000a0000000, 0x00000000a3780000, 0x00000000e0000000)
  object space 56832K, 21% used [0x00000000a0000000,0x00000000a0c14a08,0x00000000a3780000)
 Metaspace       used 34523K, capacity 35308K, committed 35416K, reserved 1079296K
  class space    used 4699K, capacity 4910K, committed 4992K, reserved 1048576K
Event: 12.258 GC heap after
Heap after GC invocations=12 (full 1):
 PSYoungGen      total 88064K, used 2466K [0x00000000e0000000, 0x00000000e7f00000, 0x0000000100000000)
  eden space 77824K, 0% used [0x00000000e0000000,0x00000000e0000000,0x00000000e4c00000)
  from space 10240K, 24% used [0x00000000e4c00000,0x00000000e4e688a0,0x00000000e5600000)
  to   space 10240K, 0% used [0x00000000e7500000,0x00000000e7500000,0x00000000e7f00000)
 ParOldGen       total 56832K, used 15681K [0x00000000a0000000, 0x00000000a3780000, 0x00000000e0000000)
  object space 56832K, 27% used [0x00000000a0000000,0x00000000a0f50570,0x00000000a3780000)
 Metaspace       used 34523K, capacity 35308K, committed 35416K, reserved 1079296K
  class space    used 4699K, capacity 4910K, committed 4992K, reserved 1048576K
}
Event: 12.258 GC heap before
{Heap before GC invocations=13 (full 2):
 PSYoungGen      total 88064K, used 2466K [0x00000000e0000000, 0x00000000e7f00000, 0x0000000100000000)
  eden space 77824K, 0% used [0x00000000e0000000,0x00000000e0000000,0x00000000e4c00000)
  from space 10240K, 24% used [0x00000000e4c00000,0x00000000e4e688a0,0x00000000e5600000)
  to   space 10240K, 0% used [0x00000000e7500000,0x00000000e7500000,0x00000000e7f00000)
 ParOldGen       total 56832K, used 15681K [0x00000000a0000000, 0x00000000a3780000, 0x00000000e0000000)
  object space 56832K, 27% used [0x00000000a0000000,0x00000000a0f50570,0x00000000a3780000)
 Metaspace       used 34523K, capacity 35308K, committed 35416K, reserved 1079296K
  class space    used 4699K, capacity 4910K, committed 4992K, reserved 1048576K
Event: 12.333 GC heap after
Heap after GC invocations=13 (full 2):
 PSYoungGen      total 88064K, used 0K [0x00000000e0000000, 0x00000000e7f00000, 0x0000000100000000)
  eden space 77824K, 0% used [0x00000000e0000000,0x00000000e0000000,0x00000000e4c00000)
  from space 10240K, 0% used [0x00000000e4c00000,0x00000000e4c00000,0x00000000e5600000)
  to   space 10240K, 0% used [0x00000000e7500000,0x00000000e7500000,0x00000000e7f00000)
 ParOldGen       total 83456K, used 16020K [0x00000000a0000000, 0x00000000a5180000, 0x00000000e0000000)
  object space 83456K, 19% used [0x00000000a0000000,0x00000000a0fa5288,0x00000000a5180000)
 Metaspace       used 34518K, capacity 35290K, committed 35416K, reserved 1079296K
  class space    used 4698K, capacity 4907K, committed 4992K, reserved 1048576K
}

